<?xml version="1.0" encoding="UTF-8"?>
<testsuite xmlns:xsi="http://www.w3.org/2001/XMLSchema-instance" xsi:noNamespaceSchemaLocation="https://maven.apache.org/surefire/maven-surefire-plugin/xsd/surefire-test-report-3.0.xsd" version="3.0" name="org.mycore.datamodel.classifications2.impl.MCRCategoryImplTest" time="2.435" tests="5" errors="0" skipped="0" failures="0">
  <properties>
[...]
</properties>
  <testcase name="calculateLeftRightAndLevel" classname="org.mycore.datamodel.classifications2.impl.MCRCategoryImplTest" time="1.62">
    <system-out><![CDATA[Setting MCR.Home=/tmp/junit2072035809931704950/mcrhome
Setting MCR.AppName=mycore-base
Creating config directory: /tmp/junit2072035809931704950/mcrhome/mycore-base
MyCoRe components detected: mcr:mycore-base
Applications modules detected: 'none'
]]></system-out>
  </testcase>
  <testcase name="getRightSiblingOrOfAncestor" classname="org.mycore.datamodel.classifications2.impl.MCRCategoryImplTest" time="0.422">
    <system-out><![CDATA[MyCoRe components detected: mcr:mycore-base
Applications modules detected: 'none'
]]></system-out>
  </testcase>
  <testcase name="getLeftSiblingOrParent" classname="org.mycore.datamodel.classifications2.impl.MCRCategoryImplTest" time="0.037">
    <system-out><![CDATA[MyCoRe components detected: mcr:mycore-base
Applications modules detected: 'none'
]]></system-out>
  </testcase>
  <testcase name="getLeftSiblingOrOfAncestor" classname="org.mycore.datamodel.classifications2.impl.MCRCategoryImplTest" time="0.057">
    <system-out><![CDATA[MyCoRe components detected: mcr:mycore-base
Applications modules detected: 'none'
]]></system-out>
  </testcase>
  <testcase name="getRightSiblingOrParent" classname="org.mycore.datamodel.classifications2.impl.MCRCategoryImplTest" time="0.05">
    <system-out><![CDATA[MyCoRe components detected: mcr:mycore-base
Applications modules detected: 'none'
]]></system-out>
  </testcase>
</testsuite>