<?xml version="1.0" encoding="UTF-8"?>
<testsuite xmlns:xsi="http://www.w3.org/2001/XMLSchema-instance" xsi:noNamespaceSchemaLocation="https://maven.apache.org/surefire/maven-surefire-plugin/xsd/surefire-test-report-3.0.xsd" version="3.0" name="org.mycore.datamodel.classifications2.impl.MCRCategoryDAOImplTest" time="25.693" tests="30" errors="0" skipped="0" failures="0">
  <properties>
[...]
</properties>
  <testcase name="replaceSameCategory" classname="org.mycore.datamodel.classifications2.impl.MCRCategoryDAOImplTest" time="8.143">
    <system-out><![CDATA[Setting MCR.Home=/tmp/junit10331826282692556891/mcrhome
Setting MCR.AppName=mycore-base
Creating config directory: /tmp/junit10331826282692556891/mcrhome/mycore-base
MyCoRe components detected: mcr:mycore-base
Applications modules detected: 'none'
]]></system-out>
    <system-err><![CDATA[SLF4J: No SLF4J providers were found.
SLF4J: Defaulting to no-operation (NOP) logger implementation
SLF4J: See http://www.slf4j.org/codes.html#noProviders for further details.
SLF4J: Class path contains SLF4J bindings targeting slf4j-api versions prior to 1.8.
SLF4J: Ignoring binding found at [jar:file:/home/travis/.m2/repository/org/apache/logging/log4j/log4j-slf4j-impl/2.14.1/log4j-slf4j-impl-2.14.1.jar!/org/slf4j/impl/StaticLoggerBinder.class]
SLF4J: See http://www.slf4j.org/codes.html#ignoredBindings for an explanation.
]]></system-err>
  </testcase>
  <testcase name="moveCategoryWithoutIndex" classname="org.mycore.datamodel.classifications2.impl.MCRCategoryDAOImplTest" time="1.307">
    <system-out><![CDATA[MyCoRe components detected: mcr:mycore-base
Applications modules detected: 'none'
]]></system-out>
  </testcase>
  <testcase name="moveRightCategory" classname="org.mycore.datamodel.classifications2.impl.MCRCategoryDAOImplTest" time="0.949">
    <system-out><![CDATA[MyCoRe components detected: mcr:mycore-base
Applications modules detected: 'none'
 INTERNALID  URI CATEGID CLASSID LEFTVALUE LEVEL RIGHTVALUE PARENTID POSITIONINPARENT
          1 null          rootID         0     0          7     null             null
          2 null  child1  rootID         1     1          2        1                0
          3 null  child2  rootID         3     1          4        1                1
          4 null  child3  rootID         5     1          6        1                2
 INTERNALID  URI CATEGID CLASSID LEFTVALUE LEVEL RIGHTVALUE PARENTID POSITIONINPARENT
          1 null          rootID         0     0          7     null             null
          2 null  child1  rootID         1     1          6        1                0
          3 null  child2  rootID         2     2          3        2                0
          4 null  child3  rootID         4     2          5        2                1
]]></system-out>
  </testcase>
  <testcase name="moveCategoryUp" classname="org.mycore.datamodel.classifications2.impl.MCRCategoryDAOImplTest" time="0.793">
    <system-out><![CDATA[MyCoRe components detected: mcr:mycore-base
Applications modules detected: 'none'
 INTERNALID  URI CATEGID CLASSID LEFTVALUE LEVEL RIGHTVALUE PARENTID POSITIONINPARENT
          1 null          rootID         0     0          5     null             null
          2 null  child1  rootID         1     1          2        1                0
          3 null  child2  rootID         3     1          4        1                1
]]></system-out>
  </testcase>
  <testcase name="replaceCategoryWithItself" classname="org.mycore.datamodel.classifications2.impl.MCRCategoryDAOImplTest" time="0.677">
    <system-out><![CDATA[MyCoRe components detected: mcr:mycore-base
Applications modules detected: 'none'
]]></system-out>
  </testcase>
  <testcase name="replaceCategoryShiftCase" classname="org.mycore.datamodel.classifications2.impl.MCRCategoryDAOImplTest" time="0.761">
    <system-out><![CDATA[MyCoRe components detected: mcr:mycore-base
Applications modules detected: 'none'
]]></system-out>
  </testcase>
  <testcase name="addCategory" classname="org.mycore.datamodel.classifications2.impl.MCRCategoryDAOImplTest" time="0.712">
    <system-out><![CDATA[MyCoRe components detected: mcr:mycore-base
Applications modules detected: 'none'
]]></system-out>
  </testcase>
  <testcase name="deleteRootCategory" classname="org.mycore.datamodel.classifications2.impl.MCRCategoryDAOImplTest" time="0.645">
    <system-out><![CDATA[MyCoRe components detected: mcr:mycore-base
Applications modules detected: 'none'
]]></system-out>
  </testcase>
  <testcase name="getChildren" classname="org.mycore.datamodel.classifications2.impl.MCRCategoryDAOImplTest" time="0.475">
    <system-out><![CDATA[MyCoRe components detected: mcr:mycore-base
Applications modules detected: 'none'
]]></system-out>
  </testcase>
  <testcase name="removeLabel" classname="org.mycore.datamodel.classifications2.impl.MCRCategoryDAOImplTest" time="0.584">
    <system-out><![CDATA[MyCoRe components detected: mcr:mycore-base
Applications modules detected: 'none'
]]></system-out>
  </testcase>
  <testcase name="addCategoryToPosition" classname="org.mycore.datamodel.classifications2.impl.MCRCategoryDAOImplTest" time="0.435">
    <system-out><![CDATA[MyCoRe components detected: mcr:mycore-base
Applications modules detected: 'none'
]]></system-out>
  </testcase>
  <testcase name="replaceMarcRelator" classname="org.mycore.datamodel.classifications2.impl.MCRCategoryDAOImplTest" time="0.479">
    <system-out><![CDATA[MyCoRe components detected: mcr:mycore-base
Applications modules detected: 'none'
]]></system-out>
  </testcase>
  <testcase name="getParents" classname="org.mycore.datamodel.classifications2.impl.MCRCategoryDAOImplTest" time="0.395">
    <system-out><![CDATA[MyCoRe components detected: mcr:mycore-base
Applications modules detected: 'none'
]]></system-out>
  </testcase>
  <testcase name="setLabels" classname="org.mycore.datamodel.classifications2.impl.MCRCategoryDAOImplTest" time="0.518">
    <system-out><![CDATA[MyCoRe components detected: mcr:mycore-base
Applications modules detected: 'none'
]]></system-out>
  </testcase>
  <testcase name="replaceCategory" classname="org.mycore.datamodel.classifications2.impl.MCRCategoryDAOImplTest" time="0.498">
    <system-out><![CDATA[MyCoRe components detected: mcr:mycore-base
Applications modules detected: 'none'
]]></system-out>
  </testcase>
  <testcase name="addCategorySingleSteps" classname="org.mycore.datamodel.classifications2.impl.MCRCategoryDAOImplTest" time="0.389">
    <system-out><![CDATA[MyCoRe components detected: mcr:mycore-base
Applications modules detected: 'none'
]]></system-out>
  </testcase>
  <testcase name="deleteMultipleCategories" classname="org.mycore.datamodel.classifications2.impl.MCRCategoryDAOImplTest" time="0.383">
    <system-out><![CDATA[MyCoRe components detected: mcr:mycore-base
Applications modules detected: 'none'
]]></system-out>
  </testcase>
  <testcase name="moveCategoryInParent" classname="org.mycore.datamodel.classifications2.impl.MCRCategoryDAOImplTest" time="0.393">
    <system-out><![CDATA[MyCoRe components detected: mcr:mycore-base
Applications modules detected: 'none'
]]></system-out>
  </testcase>
  <testcase name="testClassEditorBatch" classname="org.mycore.datamodel.classifications2.impl.MCRCategoryDAOImplTest" time="2.275">
    <system-out><![CDATA[MyCoRe components detected: mcr:mycore-base
Applications modules detected: 'none'
]]></system-out>
  </testcase>
  <testcase name="getCategoriesByLabel" classname="org.mycore.datamodel.classifications2.impl.MCRCategoryDAOImplTest" time="0.404">
    <system-out><![CDATA[MyCoRe components detected: mcr:mycore-base
Applications modules detected: 'none'
]]></system-out>
  </testcase>
  <testcase name="setLabel" classname="org.mycore.datamodel.classifications2.impl.MCRCategoryDAOImplTest" time="0.37">
    <system-out><![CDATA[MyCoRe components detected: mcr:mycore-base
Applications modules detected: 'none'
]]></system-out>
  </testcase>
  <testcase name="deleteSubCategory" classname="org.mycore.datamodel.classifications2.impl.MCRCategoryDAOImplTest" time="0.461">
    <system-out><![CDATA[MyCoRe components detected: mcr:mycore-base
Applications modules detected: 'none'
]]></system-out>
  </testcase>
  <testcase name="moveCategoryDeep" classname="org.mycore.datamodel.classifications2.impl.MCRCategoryDAOImplTest" time="0.349">
    <system-out><![CDATA[MyCoRe components detected: mcr:mycore-base
Applications modules detected: 'none'
]]></system-out>
  </testcase>
  <testcase name="testLicenses" classname="org.mycore.datamodel.classifications2.impl.MCRCategoryDAOImplTest" time="0.858">
    <system-out><![CDATA[MyCoRe components detected: mcr:mycore-base
Applications modules detected: 'none'
]]></system-out>
  </testcase>
  <testcase name="children" classname="org.mycore.datamodel.classifications2.impl.MCRCategoryDAOImplTest" time="0.35">
    <system-out><![CDATA[MyCoRe components detected: mcr:mycore-base
Applications modules detected: 'none'
]]></system-out>
  </testcase>
  <testcase name="replaceCategoryWithAdoption" classname="org.mycore.datamodel.classifications2.impl.MCRCategoryDAOImplTest" time="0.367">
    <system-out><![CDATA[MyCoRe components detected: mcr:mycore-base
Applications modules detected: 'none'
]]></system-out>
  </testcase>
  <testcase name="getRootCategoryIDs" classname="org.mycore.datamodel.classifications2.impl.MCRCategoryDAOImplTest" time="0.337">
    <system-out><![CDATA[MyCoRe components detected: mcr:mycore-base
Applications modules detected: 'none'
]]></system-out>
  </testcase>
  <testcase name="getCategory" classname="org.mycore.datamodel.classifications2.impl.MCRCategoryDAOImplTest" time="0.303">
    <system-out><![CDATA[MyCoRe components detected: mcr:mycore-base
Applications modules detected: 'none'
 INTERNALID  URI   CATEGID CLASSID LEFTVALUE LEVEL RIGHTVALUE PARENTID POSITIONINPARENT
          1 null             World         0     0         17     null             null
          2 null    Europe   World         1     1         14        1                0
          3 null   Germany   World         2     2          7        2                0
          4 null Thuringia   World         3     3          4        3                0
          5 null    Saxony   World         5     3          6        3                1
          6 null        UK   World         8     2          9        2                1
          7 null    France   World        10     2         11        2                2
          8 null     Spain   World        12     2         13        2                3
          9 null      Asia   World        15     1         16        1                1
]]></system-out>
  </testcase>
  <testcase name="getRootCategory" classname="org.mycore.datamodel.classifications2.impl.MCRCategoryDAOImplTest" time="0.383">
    <system-out><![CDATA[MyCoRe components detected: mcr:mycore-base
Applications modules detected: 'none'
]]></system-out>
  </testcase>
  <testcase name="getRootCategories" classname="org.mycore.datamodel.classifications2.impl.MCRCategoryDAOImplTest" time="0.357">
    <system-out><![CDATA[MyCoRe components detected: mcr:mycore-base
Applications modules detected: 'none'
]]></system-out>
  </testcase>
</testsuite>